<?xml version="1.0" encoding="UTF-8"?>
<!-- Generated by org.testng.reporters.JUnitReportReporter -->
<testsuite skipped="0" hostname="SAGE-ENC-L163" name="com.scripts.Login" tests="1" failures="0" timestamp="2021-05-13T21:59:01 IST" time="2.634" errors="0">
  <testcase name="PassCrendentials" time="2.634" classname="com.scripts.Login"/>
  <system-out/>
</testsuite> <!-- com.scripts.Login -->
