<?xml version="1.0" encoding="UTF-8"?>
<!-- Generated by org.testng.reporters.JUnitReportReporter -->
<testsuite skipped="0" hostname="SAGE-ENC-L163" name="com.scripts.PurchaseModule" tests="1" failures="0" timestamp="2021-05-13T18:12:06 IST" time="12.332" errors="0">
  <testcase name="OrderBook" time="12.332" classname="com.scripts.PurchaseModule"/>
  <system-out/>
</testsuite> <!-- com.scripts.PurchaseModule -->
