<?xml version="1.0" encoding="UTF-8"?>
<!-- Generated by org.testng.reporters.JUnitReportReporter -->
<testsuite skipped="0" hostname="SAGE-ENC-L163" name="com.scripts.CheckoutModule" tests="6" failures="0" timestamp="2021-05-13T18:12:06 IST" time="16.208" errors="0">
  <testcase name="billAddressDetails" time="1.440" classname="com.scripts.CheckoutModule"/>
  <system-out/>
  <testcase name="shippingAddress" time="4.405" classname="com.scripts.CheckoutModule"/>
  <system-out/>
  <testcase name="shippingMethod" time="1.065" classname="com.scripts.CheckoutModule"/>
  <system-out/>
  <testcase name="paymentMethod" time="1.087" classname="com.scripts.CheckoutModule"/>
  <system-out/>
  <testcase name="paymentInformation" time="3.509" classname="com.scripts.CheckoutModule"/>
  <system-out/>
  <testcase name="confirmOrder" time="4.702" classname="com.scripts.CheckoutModule"/>
  <system-out/>
</testsuite> <!-- com.scripts.CheckoutModule -->
