<?xml version="1.0" encoding="UTF-8"?>
<!-- Generated by org.testng.reporters.JUnitReportReporter -->
<testsuite skipped="0" hostname="SAGE-ENC-L163" name="com.scripts.ShoppingCartModule" tests="1" failures="0" timestamp="2021-05-13T21:59:01 IST" time="2.145" errors="0">
  <testcase name="cartDetails" time="2.145" classname="com.scripts.ShoppingCartModule"/>
  <system-out/>
</testsuite> <!-- com.scripts.ShoppingCartModule -->
