<?xml version="1.0" encoding="UTF-8"?>
<!-- Generated by org.testng.reporters.JUnitReportReporter -->
<testsuite skipped="0" hostname="SAGE-ENC-L163" name="com.scripts.ShoppingCartModule" tests="1" failures="0" timestamp="2021-05-13T18:12:06 IST" time="2.311" errors="0">
  <testcase name="cartDetails" time="2.311" classname="com.scripts.ShoppingCartModule"/>
  <system-out/>
</testsuite> <!-- com.scripts.ShoppingCartModule -->
