<?xml version="1.0" encoding="UTF-8"?>
<!-- Generated by org.testng.reporters.JUnitReportReporter -->
<testsuite skipped="0" hostname="SAGE-ENC-L163" name="com.scripts.CheckoutModule" tests="6" failures="0" timestamp="2021-05-13T21:59:01 IST" time="13.611" errors="0">
  <testcase name="billAddressDetails" time="1.719" classname="com.scripts.CheckoutModule"/>
  <system-out/>
  <testcase name="shippingAddress" time="4.668" classname="com.scripts.CheckoutModule"/>
  <system-out/>
  <testcase name="shippingMethod" time="1.227" classname="com.scripts.CheckoutModule"/>
  <system-out/>
  <testcase name="paymentMethod" time="1.227" classname="com.scripts.CheckoutModule"/>
  <system-out/>
  <testcase name="paymentInformation" time="1.102" classname="com.scripts.CheckoutModule"/>
  <system-out/>
  <testcase name="confirmOrder" time="3.668" classname="com.scripts.CheckoutModule"/>
  <system-out/>
</testsuite> <!-- com.scripts.CheckoutModule -->
